# Preference setting overrides
gui_create_pref_key -category {Globals} -key {load_detail_for_funcov} -value_type {bool} -value {false}

# State setting overrides
gui_state_default_create -off -ini
gui_set_state_value -category Globals -key recent_sessions -value {{gui_load_session -ignore_errors -file /afs/andrew.cmu.edu/usr18/yuchingw/private/18447/lab4-eternatus/output/simulation/DVEfiles//crash_04.23-04.18/dve_session04.23-04.18.tcl} {gui_load_session -ignore_errors -file /afs/andrew.cmu.edu/usr18/yuchingw/private/18447/lab4-eternatus/output/simulation/DVEfiles//crash_04.21-23.05/dve_session04.21-23.05.tcl} {gui_load_session -ignore_errors -file /afs/andrew.cmu.edu/usr18/yuchingw/private/18447/lab4-eternatus/output/simulation/DVEfiles//crash_04.21-22.41/dve_session04.21-22.41.tcl} {gui_load_session -ignore_errors -file /afs/andrew.cmu.edu/usr18/yuchingw/private/18447/lab4-eternatus/output/simulation/DVEfiles//crash_04.21-22.39/dve_session04.21-22.39.tcl} {gui_load_session -ignore_errors -file /afs/andrew.cmu.edu/usr18/yuchingw/private/18447/lab4-eternatus/output/simulation/DVEfiles//crash_04.20-16.45/dve_session04.20-16.45.tcl}}
gui_set_state_value -category Layout -key child_console_size_x -value 1701
gui_set_state_value -category Layout -key child_console_size_y -value 205
gui_set_state_value -category Layout -key child_data_coltype -value 79
gui_set_state_value -category Layout -key child_data_colvalue -value 103
gui_set_state_value -category Layout -key child_data_colvariable -value 161
gui_set_state_value -category Layout -key child_data_size_x -value 270
gui_set_state_value -category Layout -key child_data_size_y -value 263
gui_set_state_value -category Layout -key child_driver_size_x -value 1410
gui_set_state_value -category Layout -key child_driver_size_y -value 241
gui_set_state_value -category Layout -key child_hier_col3 -value {-1}
gui_set_state_value -category Layout -key child_hier_colhier -value 158
gui_set_state_value -category Layout -key child_hier_colpd -value 0
gui_set_state_value -category Layout -key child_hier_coltype -value 107
gui_set_state_value -category Layout -key child_hier_size_x -value 217
gui_set_state_value -category Layout -key child_hier_size_y -value 263
gui_set_state_value -category Layout -key child_hier_sort_order -value 1
gui_set_state_value -category Layout -key child_source_docknewline -value false
gui_set_state_value -category Layout -key child_source_pos_x -value {-2}
gui_set_state_value -category Layout -key child_source_pos_y -value {-15}
gui_set_state_value -category Layout -key child_source_size_x -value 1217
gui_set_state_value -category Layout -key child_source_size_y -value 258
gui_set_state_value -category Layout -key child_wave_colname -value 182
gui_set_state_value -category Layout -key child_wave_colvalue -value 165
gui_set_state_value -category Layout -key child_wave_left -value 351
gui_set_state_value -category Layout -key child_wave_right -value 1563
gui_set_state_value -category Layout -key main_pos_x -value 8
gui_set_state_value -category Layout -key main_pos_y -value 83
gui_set_state_value -category Layout -key main_size_x -value 1709
gui_set_state_value -category Layout -key main_size_y -value 650
gui_set_state_value -category Layout -key stand_wave_child_docknewline -value false
gui_set_state_value -category Layout -key stand_wave_child_pos_x -value {-2}
gui_set_state_value -category Layout -key stand_wave_child_pos_y -value {-15}
gui_set_state_value -category Layout -key stand_wave_child_size_x -value 1924
gui_set_state_value -category Layout -key stand_wave_child_size_y -value 872
gui_set_state_value -category Layout -key stand_wave_top_pos_x -value 2016
gui_set_state_value -category Layout -key stand_wave_top_pos_y -value 87
gui_set_state_value -category Layout -key stand_wave_top_size_x -value 3935
gui_set_state_value -category Layout -key stand_wave_top_size_y -value 1063
gui_create_state_key -category FindDialog -key m_pMatchCase -value_type bool -value false
gui_create_state_key -category FindDialog -key m_pMatchWord -value_type bool -value false
gui_create_state_key -category FindDialog -key m_pUseCombo -value_type string -value {}
gui_create_state_key -category FindDialog -key m_pWrapAround -value_type bool -value true
gui_create_state_key -category Widget_History -key dlgSearchValue|m_ValueComboBox -value_type string -value {40030c 400028 bb95 943769 4743eb}
gui_create_state_key -category Widget_History -key {dlgSimSetup|m_setupTab|tab pages|BuildTab|m_rebuildBtnGroup|m_customCmdCombo} -value_type string -value {{make sim TEST=447inputs2/and.S} {make sim -debug TEST=447inputs2/and.S} {make sim-debug TEST=447inputs2/and.S} {make sim-gui TEST=447inputs2/and.S} {make broken}}
gui_create_state_key -category Widget_History -key {dlgSimSetup|m_setupTab|tab pages|SimTab|m_VPDCombo} -value_type string -value inter.vpd
gui_create_state_key -category Widget_History -key {dlgSimSetup|m_setupTab|tab pages|SimTab|m_argsCombo} -value_type string -value {{-ucligui } {-ucligui +TIMEOUT {}} +TIMEOUT {-ucligui +ABORT +VERBOSE=3} {+ABORT +VERBOSE=3}}
gui_create_state_key -category Widget_History -key {dlgSimSetup|m_setupTab|tab pages|SimTab|m_curDirCombo} -value_type string -value {/afs/andrew.cmu.edu/usr18/yuchingw/private/15418/cache-network-simulator/RingSV /afs/andrew.cmu.edu/usr18/yuchingw/private/18447/lab4-eternatus/output/simulation /afs/andrew.cmu.edu/usr18/yuchingw/private/18447 /afs/andrew.cmu.edu/usr18/yuchingw/private/18447/lab4-eternatus/src /afs/andrew.cmu.edu/usr18/yuchingw/private/18447/lab4-eternatus}
gui_create_state_key -category Widget_History -key {dlgSimSetup|m_setupTab|tab pages|SimTab|m_exeCombo} -value_type string -value {/afs/andrew.cmu.edu/usr18/yuchingw/private/15418/cache-network-simulator/RingSV/simv /afs/andrew.cmu.edu/usr18/yuchingw/private/18447/lab4-eternatus/output/simulation/riscv_core ./riscv_core /afs/andrew.cmu.edu/usr18/yuchingw/private/18447/simv /afs/andrew.cmu.edu/usr18/yuchingw/private/18447/lab4-eternatus/src/simv}
gui_create_state_key -category SearchDialog -key MatchCase -value_type bool -value false
gui_create_state_key -category SearchDialog -key MatchWord -value_type bool -value true
gui_create_state_key -category SearchDialog -key SearchMode -value_type string -value Wildcards
gui_create_state_key -category SearchDialog -key UseCombo -value_type bool -value true
gui_state_default_create -off

# Begin command logging
gui_sim_run Ucli -exe ./simv -args {-ucligui  } -dir .
