ucliGUI::start /afs/ece.cmu.edu/usr/dengman/private/cache-network-simulator/cadss/simv -ucligui 
set ucliGUI::state
set ucliGUI::state
ucliCore::getToolPID
synopsys::env hasTB
trigger_hier_stack_context_switch 0
synopsys::xml set_array_limit <data limit="50" />
synopsys::xml set_depth_limit <data limit="100" />
synopsys::xml set_string_limit <data limit="1000" />
synopsys::xml set_only_active_frame <data value="1" />
synopsys::xml set_variable_frame_id <data value="1" />
synUtils::setDVEInitPhase 1
synopsys::dump -type VPD -file /afs/ece.cmu.edu/usr/dengman/private/cache-network-simulator/cadss/inter.vpd -locking
synopsys::dump -autoflush on -fid VPD1
set ::dve_fid VPD1
synUtils::setDVEInitPhase 0
ucliCore::getToolPID
synUtils::sendTool -active _icl_setToolSocket /tmp/smlnp6dQTcP
synUtils::sendTool -active {_icl_start_rpc -version "K-2015.09_Full64" -sync_file /tmp/vcs_dve_rpc.dengman.108069}
synUtils::sendTool -active {_icl_createSharedMemory /tmp/vcs_dve_general.dengman.108069}
config endofsim noexit
config onfail enable all
config syscaddplainmembers
config syscaddsourcenames
config syscaddstructtypes
synopsys::listing -disable
# Begin_DVE_Session_Save_Info
# DVE restart session
# Saved on Sat May 4 22:41:35 2024
# Designs open: 1
#   Sim: /afs/ece.cmu.edu/usr/dengman/private/cache-network-simulator/cadss/simv
# Toplevel windows open: 2
# 	TopLevel.1
# 	TopLevel.2
#   Source.1: NetworkPkg
#   Wave.1: 130 signals
#   Group count = 12
#   Group cadss_interconnect signal count = 15
#   Group divider signal count = 7
#   Group interconnect signal count = 13
#   Group genblk1[0].n signal count = 12
#   Group genblk1[1].n signal count = 12
#   Group genblk1[2].n signal count = 12
#   Group genblk1[3].n signal count = 12
#   Group genblk1[4].n signal count = 12
#   Group genblk1[5].n signal count = 12
#   Group genblk1[6].n signal count = 12
#   Group genblk1[7].n signal count = 11
#   Group NetworkPkg signal count = 0
# End_DVE_Session_Save_Info
# DVE version: K-2015.09_Full64
# DVE build date: Aug 25 2015 21:36:02
#<Session mode="Restart" path=".restartSimSession.tcl" type="Debug">
# Application preferences
#<WindowLayout>
# DVE top-level session
# Create and position top-level window: TopLevel.1
set TopLevel.1 TopLevel.1
# Docked window settings
set HSPane.1 HSPane.1
set Hier.1 Hier.1
set Stack.1 Stack.1
set Class.1 Class.1
set Object.1 Object.1
set DLPane.1 DLPane.1
set Data.1 Data.1
set Local.1 Local.1
set Member.1 Member.1
# MDI window settings
set Console.1 Console.1
set Source.1 Source.1
# End MDI window settings
# Create and position top-level window: TopLevel.2
set TopLevel.2 TopLevel.2
# Docked window settings
# MDI window settings
set Wave.1 Wave.1
# End MDI window settings
#</WindowLayout>
#<Database>
#</Database>
# DVE Global setting session:
# Global: Breakpoints
# Global: Bus
# Global: Expressions
# Global: Signal Time Shift
# Global: Signal Compare
# Global: Signal Groups
synopsys::dump -add {cadss_interconnect.interconnect} -scope "." -depth 1 -fid VPD1
synopsys::dump -add {cadss_interconnect} -scope "." -depth 1 -fid VPD1
synopsys::dump -add {{cadss_interconnect.interconnect.genblk1[0].n}} -scope "." -depth 1 -fid VPD1
synopsys::dump -add {{cadss_interconnect.interconnect.genblk1[1].n}} -scope "." -depth 1 -fid VPD1
synopsys::dump -add {{cadss_interconnect.interconnect.genblk1[2].n}} -scope "." -depth 1 -fid VPD1
synopsys::dump -add {{cadss_interconnect.interconnect.genblk1[3].n}} -scope "." -depth 1 -fid VPD1
synopsys::dump -add {cadss_interconnect.divider} -scope "." -depth 1 -fid VPD1
set _session_group_1 cadss_interconnect
set cadss_interconnect "$_session_group_1"
set _session_group_2 divider
set divider "$_session_group_2"
set _session_group_3 interconnect
set interconnect "$_session_group_3"
set _session_group_4 {genblk1[0].n}
set {genblk1[0].n} "$_session_group_4"
set _session_group_5 {genblk1[1].n}
set {genblk1[1].n} "$_session_group_5"
set _session_group_6 {genblk1[2].n}
set {genblk1[2].n} "$_session_group_6"
set _session_group_7 {genblk1[3].n}
set {genblk1[3].n} "$_session_group_7"
set _session_group_8 {genblk1[4].n}
set {genblk1[4].n} "$_session_group_8"
set _session_group_9 {genblk1[5].n}
set {genblk1[5].n} "$_session_group_9"
set _session_group_10 {genblk1[6].n}
set {genblk1[6].n} "$_session_group_10"
set _session_group_11 {genblk1[7].n}
set {genblk1[7].n} "$_session_group_11"
set _session_group_12 NetworkPkg
set NetworkPkg "$_session_group_12"
# Global: Highlighting
# Global: Stack
# Post database loading setting...
# Save global setting...
# Wave/List view global setting
# Close all empty TopLevel windows
foreach __top [gui_ekki_get_window_ids -type TopLevel] {     if { [llength [gui_ekki_get_window_ids -parent $__top]] == 0} {         gui_close_window -window $__top     } }
# DVE View/pane content session:
# Hier 'Hier.1'
catch {gui_list_select -id ${Hier.1} {cadss_interconnect}}
# Class 'Class.1'
# Member 'Member.1'
# Data 'Data.1'
# Source 'Source.1'
# Warning: Class view not found.
# View 'Wave.1'
set groupExD [gui_get_pref_value -category Wave -key exclusiveSG]
set origWaveHeight [gui_get_pref_value -category Wave -key waveRowHeight]
set origGroupCreationState [gui_list_create_group_when_add -wave]
