19:30:08    315 --> ...                                                              [tcl] ucliGUI::start /afs/ece.cmu.edu/usr/dengman/private/cache-network-simulator/cadssyuching/simv -ucligui 
19:30:08    316 --> ...                                                                  [tcl] set ucliGUI::state
19:30:08    317 --> ...                                                                      [tcl] gui_update_simulator_buttons
19:30:09    318 --> ...                                                                          [tcl] set ucliGUI::state
19:30:09    319 --> ...                                                                              [tcl] ucliCore::getToolPID
19:30:09    320 --> ...                                                                                  [tcl] synopsys::env hasTB
19:30:09    321 --> ...                                                                                      [tcl] trigger_hier_stack_context_switch 0
19:30:09    322 --> ...                                                                                          [tcl] synopsys::xml set_array_limit <data limit="50" />
19:30:09    323 --> ...                                                                                              [tcl] synopsys::xml set_depth_limit <data limit="100" />
19:30:09    324 --> ...                                                                                                  [tcl] synopsys::xml set_string_limit <data limit="1000" />
19:30:09    325 --> ...  [tcl] synopsys::xml set_only_active_frame <data value="1" />
19:30:09    326 --> ...      [tcl] synopsys::xml set_variable_frame_id <data value="1" />
19:30:09    327 --> ...          [tcl] synUtils::setDVEInitPhase 1
19:30:09    328 --> ...              [tcl] gui_get_env SIMSETUP::SIMVPD
19:30:09    329 --> ...                  [tcl] synopsys::dump -type VPD -file /afs/ece.cmu.edu/usr/dengman/private/cache-network-simulator/cadssyuching/inter.vpd -locking
19:30:09    330 --> ...                      [tcl] synopsys::dump -autoflush on -fid VPD2
19:30:09    331 --> ...                          [tcl] set ::dve_fid VPD2
19:30:09    332 --> ...                              [tcl] synUtils::setDVEInitPhase 0
19:30:09    333 --> ...                                  [tcl] ucliCore::getToolPID
19:30:09    334 --> ...                                      [tcl] synUtils::sendTool -active _icl_setToolSocket /tmp/smlnp6OOGUX
19:30:09    335 --> ...                                          [tcl] synUtils::sendTool -active {_icl_start_rpc -version "K-2015.09_Full64" -sync_file /tmp/vcs_dve_rpc.dengman.126117}
19:30:09    336 --> ...                                              [tcl] synUtils::sendTool -active {_icl_createSharedMemory /tmp/vcs_dve_general.dengman.126117}
19:30:09    337 --> ...                                                  [tcl] config endofsim noexit
19:30:09    338 --> ...                                                      [tcl] config onfail enable all
19:30:09    339 --> ...                                                          [tcl] config syscaddplainmembers
19:30:09    340 --> ...                                                              [tcl] config syscaddsourcenames
19:30:09    341 --> ...                                                                  [tcl] config syscaddstructtypes
19:30:09    342 --> ...                                                                      [tcl] synopsys::listing -disable
19:30:09    343 --> ...                                                                          [tcl] # Begin_DVE_Session_Save_Info
19:30:09    344 --> ...                                                                              [tcl] # DVE restart session
19:30:09    345 --> ...                                                                                  [tcl] # Saved on Sun May 5 19:30:08 2024
19:30:09    346 --> ...                                                                                      [tcl] # Designs open: 1
19:30:09    347 --> ...                                                                                          [tcl] #   Sim: /afs/ece.cmu.edu/usr/dengman/private/cache-network-simulator/cadssyuching/simv
19:30:09    348 --> ...                                                                                              [tcl] # Toplevel windows open: 2
19:30:09    349 --> ...                                                                                                  [tcl] # 	TopLevel.1
19:30:09    350 --> ...  [tcl] # 	TopLevel.2
19:30:09    351 --> ...      [tcl] #   Source.1: NetworkPkg
19:30:09    352 --> ...          [tcl] #   Wave.1: 72 signals
19:30:09    353 --> ...              [tcl] #   Group count = 6
19:30:09    354 --> ...                  [tcl] #   Group cadss_interconnect signal count = 16
19:30:09    355 --> ...                      [tcl] #   Group interconnect signal count = 12
19:30:09    356 --> ...                          [tcl] #   Group genblk1[0].n signal count = 11
19:30:09    357 --> ...                              [tcl] #   Group genblk1[1].n signal count = 11
19:30:09    358 --> ...                                  [tcl] #   Group genblk1[2].n signal count = 11
19:30:09    359 --> ...                                      [tcl] #   Group genblk1[3].n signal count = 11
19:30:09    360 --> ...                                          [tcl] # End_DVE_Session_Save_Info
19:30:09    361 --> ...                                              [tcl] # DVE version: K-2015.09_Full64
19:30:09    362 --> ...                                                  [tcl] # DVE build date: Aug 25 2015 21:36:02
19:30:09    363 --> ...                                                      [tcl] #<Session mode="Restart" path=".restartSimSession.tcl" type="Debug">
19:30:09    364 --> ...                                                          [tcl] gui_set_loading_session_type Restart
19:30:09    365 --> ...                                                              [tcl] gui_continuetime_set
19:30:09    366 --> ...                                                                  [tcl] gui_clear_window -type Wave
19:30:09    367 --> ...                                                                      [tcl] gui_clear_window -type List
19:30:09    368 --> ...                                                                          [tcl] # Application preferences
19:30:09    369 --> ...                                                                              [tcl] gui_set_pref_value -key app_default_font -value {Helvetica,10,-1,5,50,0,0,0,0,0}
19:30:09    370 --> ...                                                                                  [tcl] gui_src_preferences -tabstop 8 -maxbits 24 -windownumber 1
19:30:09    371 --> ...                                                                                      [tcl] #<WindowLayout>
19:30:09    372 --> ...                                                                                          [tcl] # DVE top-level session
19:30:09    373 --> ...                                                                                              [tcl] # Create and position top-level window: TopLevel.1
19:30:09    374 --> ...                                                                                                  [tcl] set TopLevel.1 TopLevel.1
19:30:09    375 --> ...  [tcl] # Docked window settings
19:30:09    376 --> ...      [tcl] set HSPane.1 HSPane.1
19:30:09    377 --> ...          [tcl] set Hier.1 Hier.1
19:30:09    378 --> ...              [tcl] set Stack.1 Stack.1
19:30:09    379 --> ...                  [tcl] set Class.1 Class.1
19:30:09    380 --> ...                      [tcl] set Object.1 Object.1
19:30:09    381 --> ...                          [tcl] set DLPane.1 DLPane.1
19:30:09    382 --> ...                              [tcl] set Data.1 Data.1
19:30:09    383 --> ...                                  [tcl] set Local.1 Local.1
19:30:09    384 --> ...                                      [tcl] set Member.1 Member.1
19:30:09    385 --> ...                                          [tcl] gui_sync_global -id ${TopLevel.1} -option true
19:30:09    386 --> ...                                              [tcl] # MDI window settings
19:30:09    387 --> ...                                                  [tcl] set Console.1 Console.1
19:30:09    388 --> ...                                                      [tcl] gui_update_layout -id ${Console.1} {{show_state maximized} {dock_state undocked} {dock_on_new_line false}}
19:30:09    389 --> ...                                                          [tcl] set Source.1 Source.1
19:30:09    390 --> ...                                                              [tcl] gui_update_layout -id ${Source.1} {{show_state maximized} {dock_state undocked} {dock_on_new_line false}}
19:30:09    391 --> ...                                                                  [tcl] # End MDI window settings
19:30:09    392 --> ...                                                                      [tcl] # Create and position top-level window: TopLevel.2
19:30:09    393 --> ...                                                                          [tcl] set TopLevel.2 TopLevel.2
19:30:09    394 --> ...                                                                              [tcl] # Docked window settings
19:30:09    395 --> ...                                                                                  [tcl] gui_sync_global -id ${TopLevel.2} -option true
19:30:09    396 --> ...                                                                                      [tcl] # MDI window settings
19:30:09    397 --> ...                                                                                          [tcl] set Wave.1 Wave.1
19:30:09    398 --> ...                                                                                              [tcl] gui_update_layout -id ${Wave.1} {{show_state maximized} {dock_state undocked} {dock_on_new_line false} {child_wave_left 557} {child_wave_right 1357} {child_wave_colname 276} {child_wave_colvalue 277} {child_wave_col1 0} {child_wave_col2 1}}
19:30:09    399 --> ...                                                                                                  [tcl] # End MDI window settings
19:30:09    400 --> ...  [tcl] #</WindowLayout>
19:30:09    401 --> ...      [tcl] #<Database>
19:30:09    402 --> ...          [tcl] gui_set_precision 1s
19:30:09    403 --> ...              [tcl] gui_set_time_units 1s
19:30:09    404 --> ...                  [tcl] #</Database>
19:30:09    405 --> ...                      [tcl] # DVE Global setting session:
19:30:09    406 --> ...                          [tcl] # Global: Breakpoints
19:30:09    407 --> ...                              [tcl] # Global: Bus
19:30:09    408 --> ...                                  [tcl] # Global: Expressions
19:30:09    409 --> ...                                      [tcl] # Global: Signal Time Shift
19:30:09    410 --> ...                                          [tcl] # Global: Signal Compare
19:30:09    411 --> ...                                              [tcl] # Global: Signal Groups
19:30:09    412 --> ...                                                  [tcl] gui_load_child_values {cadss_interconnect.interconnect}
19:30:09    413 --> ...                                                      [tcl] synopsys::dump -add {cadss_interconnect.interconnect} -scope "." -depth 1 -fid VPD2
19:30:09    414 --> ...                                                          [tcl] gui_load_child_values {cadss_interconnect.interconnect.genblk1[0].n}
19:30:09    415 --> ...                                                              [tcl] synopsys::dump -add {{cadss_interconnect.interconnect.genblk1[0].n}} -scope "." -depth 1 -fid VPD2
19:30:09    416 --> ...                                                                  [tcl] gui_load_child_values {cadss_interconnect.interconnect.genblk1[1].n}
19:30:09    417 --> ...                                                                      [tcl] synopsys::dump -add {{cadss_interconnect.interconnect.genblk1[1].n}} -scope "." -depth 1 -fid VPD2
19:30:09    418 --> ...                                                                          [tcl] gui_load_child_values {cadss_interconnect.interconnect.genblk1[2].n}
19:30:09    419 --> ...                                                                              [tcl] synopsys::dump -add {{cadss_interconnect.interconnect.genblk1[2].n}} -scope "." -depth 1 -fid VPD2
19:30:09    420 --> ...                                                                                  [tcl] set _session_group_7 cadss_interconnect
19:30:09    421 --> ...                                                                                      [tcl] gui_sg_create "$_session_group_7"
19:30:09    422 --> ...                                                                                          [tcl] set cadss_interconnect "$_session_group_7"
19:30:09    423 --> ...                                                                                              [tcl] gui_sg_addsignal -group "$_session_group_7" { cadss_interconnect.request_out_avail cadss_interconnect.processed_request cadss_interconnect.interconnect_clk cadss_interconnect.NUM_PROC cadss_interconnect.request_in_avail cadss_interconnect.new_request cadss_interconnect.request cadss_interconnect.processor_request_in cadss_interconnect.packetReceived cadss_interconnect.packetSendIn cadss_interconnect.SERVER_PORT cadss_interconnect.core_clk cadss_interconnect.inFlight cadss_interconnect.rst_l cadss_interconnect.finished_request cadss_interconnect.tickCount }
19:30:09    424 --> ...                                                                                                  [tcl] gui_set_radix -radix {decimal} -signals {Sim:cadss_interconnect.NUM_PROC}
19:30:09    425 --> ...  [tcl] gui_set_radix -radix {twosComplement} -signals {Sim:cadss_interconnect.NUM_PROC}
19:30:09    426 --> ...      [tcl] gui_set_radix -radix {decimal} -signals {Sim:cadss_interconnect.SERVER_PORT}
19:30:09    427 --> ...          [tcl] gui_set_radix -radix {twosComplement} -signals {Sim:cadss_interconnect.SERVER_PORT}
19:30:09    428 --> ...              [tcl] set _session_group_8 interconnect
19:30:09    429 --> ...                  [tcl] gui_sg_create "$_session_group_8"
19:30:09    430 --> ...                      [tcl] set interconnect "$_session_group_8"
19:30:09    431 --> ...                          [tcl] gui_sg_addsignal -group "$_session_group_8" { cadss_interconnect.interconnect.packetNodeRec cadss_interconnect.interconnect.packetSendNext cadss_interconnect.interconnect.packetOut cadss_interconnect.interconnect.packetSendIn cadss_interconnect.interconnect.packetCoreIn cadss_interconnect.interconnect.full cadss_interconnect.interconnect.clk cadss_interconnect.interconnect.rst_l cadss_interconnect.interconnect.packetRecieved cadss_interconnect.interconnect.packetIn cadss_interconnect.interconnect.recieved cadss_interconnect.interconnect.recievedOut }
19:30:09    432 --> ...                              [tcl] set _session_group_9 {genblk1[0].n}
19:30:09    433 --> ...                                  [tcl] gui_sg_create "$_session_group_9"
19:30:09    434 --> ...                                      [tcl] set {genblk1[0].n} "$_session_group_9"
19:30:09    435 --> ...                                          [tcl] gui_sg_addsignal -group "$_session_group_9" { {cadss_interconnect.interconnect.genblk1[0].n.nodeID} {cadss_interconnect.interconnect.genblk1[0].n.packetSendNext} {cadss_interconnect.interconnect.genblk1[0].n.packetOut} {cadss_interconnect.interconnect.genblk1[0].n.empty} {cadss_interconnect.interconnect.genblk1[0].n.packetSendIn} {cadss_interconnect.interconnect.genblk1[0].n.full} {cadss_interconnect.interconnect.genblk1[0].n.clk} {cadss_interconnect.interconnect.genblk1[0].n.rst_l} {cadss_interconnect.interconnect.genblk1[0].n.packetRecieved} {cadss_interconnect.interconnect.genblk1[0].n.packetIn} {cadss_interconnect.interconnect.genblk1[0].n.recieved} }
19:30:09    436 --> ...                                              [tcl] set _session_group_10 {genblk1[1].n}
19:30:09    437 --> ...                                                  [tcl] gui_sg_create "$_session_group_10"
19:30:09    438 --> ...                                                      [tcl] set {genblk1[1].n} "$_session_group_10"
19:30:09    439 --> ...                                                          [tcl] gui_sg_addsignal -group "$_session_group_10" { {cadss_interconnect.interconnect.genblk1[1].n.nodeID} {cadss_interconnect.interconnect.genblk1[1].n.packetSendNext} {cadss_interconnect.interconnect.genblk1[1].n.packetOut} {cadss_interconnect.interconnect.genblk1[1].n.empty} {cadss_interconnect.interconnect.genblk1[1].n.packetSendIn} {cadss_interconnect.interconnect.genblk1[1].n.full} {cadss_interconnect.interconnect.genblk1[1].n.clk} {cadss_interconnect.interconnect.genblk1[1].n.rst_l} {cadss_interconnect.interconnect.genblk1[1].n.packetRecieved} {cadss_interconnect.interconnect.genblk1[1].n.packetIn} {cadss_interconnect.interconnect.genblk1[1].n.recieved} }
19:30:09    440 --> ...                                                              [tcl] set _session_group_11 {genblk1[2].n}
19:30:09    441 --> ...                                                                  [tcl] gui_sg_create "$_session_group_11"
19:30:09    442 --> ...                                                                      [tcl] set {genblk1[2].n} "$_session_group_11"
19:30:09    443 --> ...                                                                          [tcl] gui_sg_addsignal -group "$_session_group_11" { {cadss_interconnect.interconnect.genblk1[2].n.nodeID} {cadss_interconnect.interconnect.genblk1[2].n.packetSendNext} {cadss_interconnect.interconnect.genblk1[2].n.packetOut} {cadss_interconnect.interconnect.genblk1[2].n.empty} {cadss_interconnect.interconnect.genblk1[2].n.packetSendIn} {cadss_interconnect.interconnect.genblk1[2].n.full} {cadss_interconnect.interconnect.genblk1[2].n.clk} {cadss_interconnect.interconnect.genblk1[2].n.rst_l} {cadss_interconnect.interconnect.genblk1[2].n.packetRecieved} {cadss_interconnect.interconnect.genblk1[2].n.packetIn} {cadss_interconnect.interconnect.genblk1[2].n.recieved} }
19:30:09    444 --> ...                                                                              [tcl] set _session_group_12 {genblk1[3].n}
19:30:09    445 --> ...                                                                                  [tcl] gui_sg_create "$_session_group_12"
19:30:09    446 --> ...                                                                                      [tcl] set {genblk1[3].n} "$_session_group_12"
19:30:09    447 --> ...                                                                                          [tcl] gui_sg_addsignal -group "$_session_group_12" { {cadss_interconnect.interconnect.genblk1[3].n.nodeID} {cadss_interconnect.interconnect.genblk1[3].n.packetSendNext} {cadss_interconnect.interconnect.genblk1[3].n.packetOut} {cadss_interconnect.interconnect.genblk1[3].n.empty} {cadss_interconnect.interconnect.genblk1[3].n.packetSendIn} {cadss_interconnect.interconnect.genblk1[3].n.full} {cadss_interconnect.interconnect.genblk1[3].n.clk} {cadss_interconnect.interconnect.genblk1[3].n.rst_l} {cadss_interconnect.interconnect.genblk1[3].n.packetRecieved} {cadss_interconnect.interconnect.genblk1[3].n.packetIn} {cadss_interconnect.interconnect.genblk1[3].n.recieved} }
19:30:09    448 --> ...                                                                                              [tcl] # Global: Highlighting
19:30:09    449 --> ...                                                                                                  [tcl] # Global: Stack
19:30:09    450 --> ...  [tcl] gui_change_stack_mode -mode list
19:30:09    451 --> ...      [tcl] # Post database loading setting...
19:30:09    452 --> ...          [tcl] # Save global setting...
19:30:09    453 --> ...              [tcl] # Wave/List view global setting
19:30:09    454 --> ...                  [tcl] gui_cov_show_value -switch false
19:30:09    455 --> ...                      [tcl] # Close all empty TopLevel windows
19:30:09    456 --> ...                          [tcl] foreach __top [gui_ekki_get_window_ids -type TopLevel] {     if { [llength [gui_ekki_get_window_ids -parent $__top]] == 0} {         gui_close_window -window $__top     } }
19:30:09    457 --> ...                              [tcl] gui_set_loading_session_type noSession
19:30:09    458 --> ...                                  [tcl] # DVE View/pane content session:
19:30:09    459 --> ...                                      [tcl] # Hier 'Hier.1'
19:30:09    460 --> ...                                          [tcl] gui_show_window -window ${Hier.1}
19:30:09    461 --> ...                                              [tcl] gui_list_set_filter -id ${Hier.1} -list { {Package 1} {All 0} {Process 1} {VirtPowSwitch 0} {UnnamedProcess 1} {UDP 0} {Function 1} {Block 1} {SrsnAndSpaCell 0} {OVA Unit 1} {LeafScCell 1} {LeafVlgCell 1} {Interface 1} {LeafVhdCell 1} {$unit 1} {NamedBlock 1} {Task 1} {VlgPackage 1} {ClassDef 1} {VirtIsoCell 0} }
19:30:09    462 --> ...                                                  [tcl] gui_list_set_filter -id ${Hier.1} -text {*}
19:30:09    463 --> ...                                                      [tcl] gui_change_design -id ${Hier.1} -design Sim
19:30:09    464 --> ...                                                          [tcl] catch {gui_list_select -id ${Hier.1} {cadss_interconnect}}
19:30:09    465 --> ...                                                              [tcl] dveMisc::vbusExpand cadss_interconnect
19:30:09    466 --> ...                                                                  [tcl] gui_view_scroll -id ${Hier.1} -vertical -set 0
19:30:09    467 --> ...                                                                      [tcl] gui_view_scroll -id ${Hier.1} -horizontal -set 0
19:30:09    468 --> ...                                                                          [tcl] # Class 'Class.1'
19:30:09    469 --> ...                                                                              [tcl] gui_list_set_filter -id ${Class.1} -list { {OVM 1} {VMM 1} {All 1} {Object 1} {UVM 1} {RVM 1} }
19:30:09    470 --> ...                                                                                  [tcl] gui_list_set_filter -id ${Class.1} -text {*}
19:30:09    471 --> ...                                                                                      [tcl] gui_change_design -id ${Class.1} -design Sim
19:30:09    472 --> ...                                                                                          [tcl] # Member 'Member.1'
19:30:09    473 --> ...                                                                                              [tcl] gui_list_set_filter -id ${Member.1} -list { {InternalMember 0} {RandMember 1} {All 0} {BaseMember 0} {PrivateMember 1} {LibBaseMember 0} {AutomaticMember 1} {VirtualMember 1} {PublicMember 1} {ProtectedMember 1} {OverRiddenMember 0} {InterfaceClassMember 1} {StaticMember 1} }
19:30:09    474 --> ...                                                                                                  [tcl] gui_list_set_filter -id ${Member.1} -text {*}
19:30:09    475 --> ...  [tcl] # Data 'Data.1'
19:30:09    476 --> ...      [tcl] gui_list_set_filter -id ${Data.1} -list { {Buffer 1} {Input 1} {Others 1} {Linkage 1} {Output 1} {LowPower 1} {Parameter 1} {All 1} {Aggregate 1} {LibBaseMember 1} {Event 1} {Assertion 1} {Constant 1} {Interface 1} {BaseMembers 1} {Signal 1} {$unit 1} {Inout 1} {Variable 1} }
19:30:09    477 --> ...          [tcl] gui_list_set_filter -id ${Data.1} -text {*}
19:30:09    478 --> ...              [tcl] gui_list_show_data -id ${Data.1} {cadss_interconnect.interconnect.genblk1[3].n}
19:30:09    479 --> ...                  [tcl] dveMisc::vbusExpand {cadss_interconnect.interconnect.genblk1[3].n}
19:30:09    480 --> ...                      [tcl] gui_view_scroll -id ${Data.1} -vertical -set 0
19:30:09    481 --> ...                          [tcl] gui_view_scroll -id ${Data.1} -horizontal -set 0
19:30:09    482 --> ...                              [tcl] gui_view_scroll -id ${Hier.1} -vertical -set 0
19:30:09    483 --> ...                                  [tcl] gui_view_scroll -id ${Hier.1} -horizontal -set 0
19:30:09    484 --> ...                                      [tcl] # Source 'Source.1'
19:30:09    485 --> ...                                          [tcl] gui_src_value_annotate -id ${Source.1} -switch false
19:30:09    486 --> ...                                              [tcl] gui_set_env TOGGLE::VALUEANNOTATE 0
19:30:09    487 --> ...                                                  [tcl] gui_open_source -id ${Source.1}  -replace -active NetworkPkg /afs/ece.cmu.edu/usr/dengman/private/cache-network-simulator/cadssyuching/central_sv_files/NetworkPkg.svg
19:30:09    488 --> ...                                                      [tcl] gui_view_scroll -id ${Source.1} -vertical -set 0
19:30:09    489 --> ...                                                          [tcl] gui_src_set_reusable -id ${Source.1}
19:30:10    490 --> ...                                                              [tcl] # Warning: Class view not found.
19:30:10    491 --> ...                                                                  [tcl] # View 'Wave.1'
19:30:10    492 --> ...                                                                      [tcl] gui_wv_sync -id ${Wave.1} -switch false
19:30:10    493 --> ...                                                                          [tcl] set groupExD [gui_get_pref_value -category Wave -key exclusiveSG]
19:30:10    494 --> ...                                                                              [tcl] gui_set_pref_value -category Wave -key exclusiveSG -value {false}
19:30:10    495 --> ...                                                                                  [tcl] set origWaveHeight [gui_get_pref_value -category Wave -key waveRowHeight]
19:30:10    496 --> ...                                                                                      [tcl] gui_list_set_height -id Wave -height 25
19:30:10    497 --> ...                                                                                          [tcl] set origGroupCreationState [gui_list_create_group_when_add -wave]
19:30:10    498 --> ...                                                                                              [tcl] gui_list_create_group_when_add -wave -disable
19:30:10    499 --> ...                                                                                                  [tcl] gui_wv_zoom_timerange -id ${Wave.1} 0 445
19:30:10    500 --> ...  [tcl] gui_list_add_group -id ${Wave.1} -after {New Group} {cadss_interconnect}
19:30:10    501 --> ...      [tcl] synopsys::dump -add {cadss_interconnect.NUM_PROC cadss_interconnect.SERVER_PORT cadss_interconnect.core_clk cadss_interconnect.finished_request cadss_interconnect.inFlight cadss_interconnect.interconnect_clk cadss_interconnect.new_request cadss_interconnect.packetReceived cadss_interconnect.packetSendIn cadss_interconnect.processed_request cadss_interconnect.processor_request_in cadss_interconnect.request cadss_interconnect.request_in_avail cadss_interconnect.request_out_avail cadss_interconnect.rst_l cadss_interconnect.tickCount } -aggregates  -fid VPD2
19:30:10    502 --> ...          [tcl] gui_list_add_group -id ${Wave.1} -after {New Group} {interconnect}
19:30:10    503 --> ...              [tcl] gui_list_add_group -id ${Wave.1} -after {New Group} {{genblk1[0].n}}
19:30:10    504 --> ...                  [tcl] gui_list_add_group -id ${Wave.1} -after {New Group} {{genblk1[1].n}}
19:30:10    505 --> ...                      [tcl] gui_list_add_group -id ${Wave.1} -after {New Group} {{genblk1[2].n}}
19:30:10    506 --> ...                          [tcl] gui_list_add_group -id ${Wave.1} -after {New Group} {{genblk1[3].n}}
19:30:10    507 --> ...                              [tcl] synopsys::dump -add {{cadss_interconnect.interconnect.genblk1[3].n.clk} {cadss_interconnect.interconnect.genblk1[3].n.empty} {cadss_interconnect.interconnect.genblk1[3].n.full} {cadss_interconnect.interconnect.genblk1[3].n.nodeID} {cadss_interconnect.interconnect.genblk1[3].n.packetIn} {cadss_interconnect.interconnect.genblk1[3].n.packetOut} {cadss_interconnect.interconnect.genblk1[3].n.packetRecieved} {cadss_interconnect.interconnect.genblk1[3].n.packetSendIn} {cadss_interconnect.interconnect.genblk1[3].n.packetSendNext} {cadss_interconnect.interconnect.genblk1[3].n.recieved} {cadss_interconnect.interconnect.genblk1[3].n.rst_l} } -aggregates  -fid VPD2
19:30:10    508 --> ...                                  [tcl] gui_seek_criteria -id ${Wave.1} {Any Edge}
19:30:10    509 --> ...                                      [tcl] gui_set_env TOGGLE::DEFAULT_WAVE_WINDOW ${Wave.1}
19:30:10    510 --> ...                                          [tcl] gui_set_pref_value -category Wave -key exclusiveSG -value $groupExD
19:30:10    511 --> ...                                              [tcl] gui_list_set_height -id Wave -height $origWaveHeight
19:30:10    512 --> ...                                                  [tcl] if {$origGroupCreationState} { 	gui_list_create_group_when_add -wave -enable }
19:30:10    513 --> ...                                                      [tcl] if { $groupExD } {  gui_msg_report -code DVWW028 }
19:30:10    514 --> ...                                                          [tcl] gui_list_set_filter -id ${Wave.1} -list { {Buffer 1} {Input 1} {Others 1} {Linkage 1} {Output 1} {Parameter 1} {All 1} {Aggregate 1} {LibBaseMember 1} {Event 1} {Assertion 1} {Constant 1} {Interface 1} {BaseMembers 1} {Signal 1} {$unit 1} {Inout 1} {Variable 1} }
19:30:10    515 --> ...                                                              [tcl] gui_list_set_filter -id ${Wave.1} -text {*}
19:30:10    516 --> ...                                                                  [tcl] gui_list_set_insertion_bar  -id ${Wave.1} -group {genblk1[3].n}  -position in
19:30:10    517 --> ...                                                                      [tcl] gui_view_scroll -id ${Wave.1} -vertical -set 0
19:30:10    518 --> ...                                                                          [tcl] gui_show_grid -id ${Wave.1} -enable false
19:30:10    519 --> ...                                                                              [tcl] # Restore toplevel window zorder
19:30:10    520 --> ...                                                                                  [tcl] # The toplevel window could be closed if it has no view/pane
19:30:10    521 --> ...                                                                                      [tcl] if {[gui_exist_window -window ${TopLevel.1}]} { 	gui_set_active_window -window ${TopLevel.1} 	gui_set_active_window -window ${Source.1} 	gui_set_active_window -window ${HSPane.1} }
19:30:10    522 --> ...                                                                                          [tcl] if {[gui_exist_window -window ${TopLevel.2}]} { 	gui_set_active_window -window ${TopLevel.2} 	gui_set_active_window -window ${Wave.1} }
19:30:10    523 --> ...                                                                                              [tcl] #</Session>
19:30:23    524 --> ...                                                                                                  [tcl] synopsys::run
19:30:23    525 --> ...  [tcl] set ucliGUI::state
19:30:23    526 --> ...      [tcl] set ucliGUI::state
19:30:23    527 --> ...          [tcl] gui_update_simulator_buttons
19:30:56    528 --> ...              [tcl] set synopsys::env(time) 9250
19:30:59    529 --> ...                  [tcl] set synopsys::env(time) 26050
19:31:01    530 --> ...                      [tcl] set ucliGUI::state
19:31:01    531 --> ...                          [tcl] set ucliGUI::state
19:31:01    532 --> ...                              [tcl] catch {senv activeDomain} dveMisc::result 
19:31:01    533 --> ...                                  [tcl] set dveMisc::result
19:31:01    534 --> ...                                      [tcl] gui_update_simulator_buttons
