# Preference setting overrides
gui_create_pref_key -category {Globals} -key {load_detail_for_funcov} -value_type {bool} -value {false}

# State setting overrides
gui_state_default_create -off -ini
gui_set_state_value -category Globals -key recent_sessions -value {{gui_load_session -ignore_errors -file /afs/andrew.cmu.edu/usr18/yuchingw/private/18447/lab4-eternatus/output/simulation/DVEfiles//crash_04.23-04.18/dve_session04.23-04.18.tcl} {gui_load_session -ignore_errors -file /afs/andrew.cmu.edu/usr18/yuchingw/private/18447/lab4-eternatus/output/simulation/DVEfiles//crash_04.21-23.05/dve_session04.21-23.05.tcl} {gui_load_session -ignore_errors -file /afs/andrew.cmu.edu/usr18/yuchingw/private/18447/lab4-eternatus/output/simulation/DVEfiles//crash_04.21-22.41/dve_session04.21-22.41.tcl} {gui_load_session -ignore_errors -file /afs/andrew.cmu.edu/usr18/yuchingw/private/18447/lab4-eternatus/output/simulation/DVEfiles//crash_04.21-22.39/dve_session04.21-22.39.tcl} {gui_load_session -ignore_errors -file /afs/andrew.cmu.edu/usr18/yuchingw/private/18447/lab4-eternatus/output/simulation/DVEfiles//crash_04.20-16.45/dve_session04.20-16.45.tcl}}
gui_set_state_value -category Layout -key child_console_size_x -value 1919
gui_set_state_value -category Layout -key child_console_size_y -value 211
gui_set_state_value -category Layout -key child_data_coltype -value 79
gui_set_state_value -category Layout -key child_data_colvalue -value 103
gui_set_state_value -category Layout -key child_data_colvariable -value 161
gui_set_state_value -category Layout -key child_data_size_x -value 276
gui_set_state_value -category Layout -key child_data_size_y -value 666
gui_set_state_value -category Layout -key child_driver_size_x -value 1410
gui_set_state_value -category Layout -key child_driver_size_y -value 241
gui_set_state_value -category Layout -key child_hier_col3 -value {-1}
gui_set_state_value -category Layout -key child_hier_colhier -value 158
gui_set_state_value -category Layout -key child_hier_colpd -value 0
gui_set_state_value -category Layout -key child_hier_coltype -value 107
gui_set_state_value -category Layout -key child_hier_size_x -value 223
gui_set_state_value -category Layout -key child_hier_size_y -value 666
gui_set_state_value -category Layout -key child_hier_sort_order -value 1
gui_set_state_value -category Layout -key child_source_docknewline -value false
gui_set_state_value -category Layout -key child_source_pos_x -value {-2}
gui_set_state_value -category Layout -key child_source_pos_y -value {-15}
gui_set_state_value -category Layout -key child_source_size_x -value 1423
gui_set_state_value -category Layout -key child_source_size_y -value 661
gui_set_state_value -category Layout -key child_wave_colname -value 245
gui_set_state_value -category Layout -key child_wave_colvalue -value 308
gui_set_state_value -category Layout -key child_wave_left -value 557
gui_set_state_value -category Layout -key child_wave_right -value 1357
gui_set_state_value -category Layout -key main_pos_x -value 1
gui_set_state_value -category Layout -key main_pos_y -value 38
gui_set_state_value -category Layout -key main_size_x -value 1920
gui_set_state_value -category Layout -key main_size_y -value 1014
gui_set_state_value -category Layout -key stand_wave_child_docknewline -value false
gui_set_state_value -category Layout -key stand_wave_child_pos_x -value {-2}
gui_set_state_value -category Layout -key stand_wave_child_pos_y -value {-15}
gui_set_state_value -category Layout -key stand_wave_child_size_x -value 1924
gui_set_state_value -category Layout -key stand_wave_child_size_y -value 872
gui_set_state_value -category Layout -key stand_wave_top_pos_x -value 0
gui_set_state_value -category Layout -key stand_wave_top_pos_y -value 65
gui_set_state_value -category Layout -key stand_wave_top_size_x -value 1919
gui_set_state_value -category Layout -key stand_wave_top_size_y -value 1041
gui_create_state_key -category FindDialog -key m_pMatchCase -value_type bool -value false
gui_create_state_key -category FindDialog -key m_pMatchWord -value_type bool -value false
gui_create_state_key -category FindDialog -key m_pUseCombo -value_type string -value {}
gui_create_state_key -category FindDialog -key m_pWrapAround -value_type bool -value true
gui_create_state_key -category Widget_History -key dlgSearchValue|m_ValueComboBox -value_type string -value {40030c 400028 bb95 943769 4743eb}
gui_create_state_key -category Widget_History -key {dlgSimSetup|m_setupTab|tab pages|BuildTab|m_rebuildBtnGroup|m_customCmdCombo} -value_type string -value {{make sim TEST=447inputs2/and.S} {make sim -debug TEST=447inputs2/and.S} {make sim-debug TEST=447inputs2/and.S} {make sim-gui TEST=447inputs2/and.S} {make broken}}
gui_create_state_key -category Widget_History -key {dlgSimSetup|m_setupTab|tab pages|SimTab|m_VPDCombo} -value_type string -value inter.vpd
gui_create_state_key -category Widget_History -key {dlgSimSetup|m_setupTab|tab pages|SimTab|m_argsCombo} -value_type string -value {{-ucligui } {-ucligui +TIMEOUT {}} +TIMEOUT {-ucligui +ABORT +VERBOSE=3} {+ABORT +VERBOSE=3}}
gui_create_state_key -category Widget_History -key {dlgSimSetup|m_setupTab|tab pages|SimTab|m_curDirCombo} -value_type string -value {/afs/andrew.cmu.edu/usr18/yuchingw/private/18447/lab4-eternatus/output/simulation /afs/andrew.cmu.edu/usr18/yuchingw/private/18447 /afs/andrew.cmu.edu/usr18/yuchingw/private/18447/lab4-eternatus/src /afs/andrew.cmu.edu/usr18/yuchingw/private/18447/lab4-eternatus /afs/andrew.cmu.edu/usr18/yuchingw/private/18447/lab3-yj-y/src}
gui_create_state_key -category Widget_History -key {dlgSimSetup|m_setupTab|tab pages|SimTab|m_exeCombo} -value_type string -value {/afs/andrew.cmu.edu/usr18/yuchingw/private/18447/lab4-eternatus/output/simulation/riscv_core ./riscv_core /afs/andrew.cmu.edu/usr18/yuchingw/private/18447/simv /afs/andrew.cmu.edu/usr18/yuchingw/private/18447/lab4-eternatus/src/simv ./simv}
gui_create_state_key -category SearchDialog -key MatchCase -value_type bool -value false
gui_create_state_key -category SearchDialog -key MatchWord -value_type bool -value true
gui_create_state_key -category SearchDialog -key SearchMode -value_type string -value Wildcards
gui_create_state_key -category SearchDialog -key UseCombo -value_type bool -value true
gui_state_default_create -off

# Begin command logging
gui_sim_run Ucli -exe ./simv -args {-ucligui  } -dir .
gui_list_expand -id  Hier.1   ring
gui_list_select -id Hier.1 -current_item_name ring -current_item_type Scope  -selected  { ring   }
gui_list_select -id Hier.1 -current_item_name node_test -current_item_type Scope  -selected  { node_test   }
gui_open_window Wave
gui_list_add -id Wave.1 -from Hier.1 { node_test } -insertionbar
gui_sim_continue  
gui_list_select -id Wave.1 -selected  { node_test.packetRecieved   }
gui_list_select -id Wave.1 -selected  { node_test.packetIn   }
gui_list_select -id Wave.1 -selected  { node_test.recieved   }
gui_marker_move -id  Wave.1 C1 12
gui_marker_move -id  Wave.1 C1 46
gui_marker_move -id  Wave.1 C1 93
gui_marker_move -id  Wave.1 C1 45
gui_marker_move -id  Wave.1 C1 25
gui_marker_move -id  Wave.1 C1 35
gui_marker_move -id  Wave.1 C1 105
gui_marker_move -id  Wave.1 C1 95
gui_marker_move -id  Wave.1 C1 35
gui_marker_move -id  Wave.1 C1 25
gui_list_select -id Wave.1 -selected  { node_test.packetRecieved   }
gui_list_select -id Wave.1 -selected  { node_test.packetIn   }
gui_list_select -id Wave.1 -selected  { {node_test.packetSendNext[63:0]}   }
gui_close_window -window TopLevel.2
gui_list_expand -id  Hier.1   node_test
gui_list_select -id Hier.1 -current_item_name node_test.DUT -current_item_type Scope  -selected  { node_test.DUT   }
gui_list_expand -id Hier.1   node_test.DUT
gui_list_action -id  Hier.1 node_test.DUT
gui_open_window Wave
gui_list_add -id Wave.1 -from Hier.1 { node_test.DUT } -insertionbar
gui_sim_restart
gui_sim_continue  
gui_marker_move -id  Wave.1 C1 115
gui_list_expand -id  Wave.1   node_test.DUT.packetRecieved
gui_list_select -id Wave.1 -selected  { node_test.DUT.packetIn   }
gui_marker_move -id  Wave.1 C1 25
gui_sim_restart
gui_sim_continue  
gui_sim_restart
gui_sim_continue  
gui_list_select -id Wave.1 -selected  { {node_test.DUT.packetSendIn[63:0]}   }
gui_list_select -id Wave.1 -selected  { node_test.DUT.full   }
gui_list_select -id Wave.1 -selected  { {node_test.DUT.packetSendNext[63:0]}   }
gui_list_add  -id  Wave.1   -after {node_test.DUT.packetSendNext[63:0]} {{node_test.DUT.packetSendNext[63:0]}} 
gui_list_select -id Wave.1 -selected  { {node_test.DUT.packetSendNext[63:0]}   }
gui_list_add  -id  Wave.1   -after {node_test.DUT.packetSendNext[63:0]} {{node_test.DUT.packetSendNext[63:0]}} 
gui_list_select -id Wave.1 -selected  { node_test.DUT.full   }
gui_list_select -id Wave.1 -selected  { node_test.DUT.empty   }
gui_list_move  -id  Wave.1    -sid  Wave.1   -after node_test.DUT.outboundFree {{node_test.DUT.empty}} 
gui_sim_restart
