set ucliGUI::state
set ucliGUI::state
ucliCore::getToolPID
synopsys::env hasTB
trigger_hier_stack_context_switch 0
synopsys::xml set_array_limit <data limit="50" />
synopsys::xml set_depth_limit <data limit="100" />
synopsys::xml set_string_limit <data limit="1000" />
synopsys::xml set_only_active_frame <data value="1" />
synopsys::xml set_variable_frame_id <data value="1" />
synUtils::setDVEInitPhase 1
synopsys::dump -type VPD -file /afs/ece.cmu.edu/usr/dengman/private/cache-network-simulator/cadss/inter.vpd -locking
synopsys::dump -autoflush on -fid VPD0
set ::dve_fid VPD0
synUtils::setDVEInitPhase 0
ucliCore::getToolPID
synUtils::sendTool -active _icl_setToolSocket /tmp/smlnpJB4bWl
synUtils::sendTool -active {_icl_start_rpc -version "K-2015.09_Full64" -sync_file /tmp/vcs_dve_rpc.dengman.177902}
synUtils::sendTool -active {_icl_createSharedMemory /tmp/vcs_dve_general.dengman.177902}
config endofsim noexit
config onfail enable all
config syscaddplainmembers
config syscaddsourcenames
config syscaddstructtypes
synopsys::listing -disable
synopsys::dump -add {cadss_interconnect.interconnect} -scope "." -depth 1 -fid VPD0
synopsys::dump -add {cadss_interconnect} -scope "." -depth 1 -fid VPD0
synopsys::run
set ucliGUI::state
set ucliGUI::state
set synopsys::env(time) 8450
set synopsys::env(time) 452120
set synopsys::env(time) 2032500
set synopsys::env(time) 5137120
ucliCore::getToolPID
ucliCore::stopTool -no_signal
set ucliGUI::state
set ucliGUI::state
# DVE Simulation Rebuild/Restart Options
# Saved on Sun May 5 14:51:46 2024
set SIMSETUP::REBUILDOPTION 1
set SIMSETUP::REBUILDCMD {vcs -sverilog -debug interconnectRingSV/sv/cadss_interconnect.sv interconnectRingSV/sv/socket_wrappers.cpp interconnectRingSV/sv/Network.svh interconnectRingSV/sv/NetworkPkg.svg interconnectRingSV/sv/ring.sv}
set SIMSETUP::REBUILDDIR {}
set SIMSETUP::RESTOREBP 1
set SIMSETUP::RESTOREDUMP 1
set SIMSETUP::RESTOREFORCE 1
set SIMSETUP::RESTORESPECMAN 0
# DVE Simulation Rebuild/Restart Options
# Saved on Sun May 5 14:51:46 2024
set SIMSETUP::REBUILDOPTION 1
set SIMSETUP::REBUILDCMD {vcs -sverilog -debug interconnectRingSV/sv/cadss_interconnect.sv interconnectRingSV/sv/socket_wrappers.cpp interconnectRingSV/sv/Network.svh interconnectRingSV/sv/NetworkPkg.svg interconnectRingSV/sv/ring.sv}
set SIMSETUP::REBUILDDIR {}
set SIMSETUP::RESTOREBP 1
set SIMSETUP::RESTOREDUMP 1
set SIMSETUP::RESTOREFORCE 1
set SIMSETUP::RESTORESPECMAN 0
if [catch {gui_sim_terminate}] {gui_sim_terminate -kill}
synopsys::finish
set ucliGUI::state
set ucliGUI::state
ucli_exit
