# Preference setting overrides
gui_create_pref_key -category {Globals} -key {load_detail_for_funcov} -value_type {bool} -value {false}
gui_create_pref_category -category {schem_obj_name}
gui_create_pref_key -category {schem_obj_name} -key {show_cell_and_pin_with_symbol_name} -value_type {bool} -value {false}
gui_create_pref_key -category {schem_pin_hc} -key {textExtFont} -value_type {string} -value {Helvetica,10,-1,5,50,0,0,0,0,0}

# State setting overrides
gui_state_default_create -off -ini
gui_set_state_value -category Globals -key recent_sessions -value {{gui_load_session -ignore_errors -file /afs/andrew.cmu.edu/usr13/dengman/private/18447/lab4-netburst/output/simulation/session.inter.vpd.tcl -ignore_errors} {gui_load_session -ignore_errors -file /afs/andrew.cmu.edu/usr13/dengman/private/18447/lab4-netburst/output/simulation/session.inter.vpd.tcl} {gui_load_session -ignore_errors -file /afs/andrew.cmu.edu/usr13/dengman/private/18447/lab4-netburst/output/simulation/DVEfiles//crash_04.22-00.16/dve_session04.22-00.16.tcl} {gui_load_session -ignore_errors -file /afs/andrew.cmu.edu/usr13/dengman/private/18447/lab4-netburst/output/simulation/DVEfiles//crash_04.22-00.07/dve_session04.22-00.07.tcl} {gui_load_session -ignore_errors -file /afs/andrew.cmu.edu/usr13/dengman/private/18447/lab4-netburst/output/simulation/DVEfiles//crash_04.20-21.12/dve_session04.20-21.12.tcl}}
gui_set_state_value -category Layout -key child_console_docknewline -value false
gui_set_state_value -category Layout -key child_console_dockstate -value undocked
gui_set_state_value -category Layout -key child_console_pos_x -value {-2}
gui_set_state_value -category Layout -key child_console_pos_y -value {-17}
gui_set_state_value -category Layout -key child_console_showstate -value maximized
gui_set_state_value -category Layout -key child_console_size_x -value 1207
gui_set_state_value -category Layout -key child_console_size_y -value 853
gui_set_state_value -category Layout -key child_data_coltype -value 86
gui_set_state_value -category Layout -key child_data_colvariable -value 169
gui_set_state_value -category Layout -key child_data_size_x -value 333
gui_set_state_value -category Layout -key child_data_size_y -value 857
gui_set_state_value -category Layout -key child_driver_size_x -value 1653
gui_set_state_value -category Layout -key child_driver_size_y -value 179
gui_set_state_value -category Layout -key child_hier_col3 -value {-1}
gui_set_state_value -category Layout -key child_hier_colpd -value 0
gui_set_state_value -category Layout -key child_hier_size_x -value 105
gui_set_state_value -category Layout -key child_hier_size_y -value 857
gui_set_state_value -category Layout -key child_schematic_docknewline -value false
gui_set_state_value -category Layout -key child_schematic_pos_x -value {-2}
gui_set_state_value -category Layout -key child_schematic_pos_y -value {-17}
gui_set_state_value -category Layout -key child_schematic_size_x -value 1207
gui_set_state_value -category Layout -key child_schematic_size_y -value 532
gui_set_state_value -category Layout -key child_source_docknewline -value false
gui_set_state_value -category Layout -key child_source_pos_x -value {-2}
gui_set_state_value -category Layout -key child_source_pos_y -value {-17}
gui_set_state_value -category Layout -key child_source_size_x -value 1207
gui_set_state_value -category Layout -key child_source_size_y -value 853
gui_set_state_value -category Layout -key child_watch_size_x -value 1612
gui_set_state_value -category Layout -key child_watch_size_y -value 105
gui_set_state_value -category Layout -key child_wave_colname -value 228
gui_set_state_value -category Layout -key child_wave_colvalue -value 228
gui_set_state_value -category Layout -key child_wave_left -value 460
gui_set_state_value -category Layout -key child_wave_right -value 1121
gui_set_state_value -category Layout -key main_pos_x -value 84
gui_set_state_value -category Layout -key main_pos_y -value 98
gui_set_state_value -category Layout -key main_size_x -value 1726
gui_set_state_value -category Layout -key main_size_y -value 1069
gui_set_state_value -category Layout -key stand_source_child_pos_x -value {-2}
gui_set_state_value -category Layout -key stand_source_child_pos_y -value {-17}
gui_set_state_value -category Layout -key stand_source_child_size_x -value 1207
gui_set_state_value -category Layout -key stand_source_child_size_y -value 884
gui_set_state_value -category Layout -key stand_wave_child_docknewline -value false
gui_set_state_value -category Layout -key stand_wave_child_pos_x -value {-2}
gui_set_state_value -category Layout -key stand_wave_child_pos_y -value {-17}
gui_set_state_value -category Layout -key stand_wave_child_size_x -value 1591
gui_set_state_value -category Layout -key stand_wave_child_size_y -value 819
gui_set_state_value -category Layout -key stand_wave_top_pos_x -value 10
gui_set_state_value -category Layout -key stand_wave_top_pos_y -value 68
gui_set_state_value -category Layout -key stand_wave_top_size_x -value 1596
gui_set_state_value -category Layout -key stand_wave_top_size_y -value 1005
gui_create_state_key -category FindDialog -key m_pMatchCase -value_type bool -value false
gui_create_state_key -category FindDialog -key m_pMatchWord -value_type bool -value false
gui_create_state_key -category FindDialog -key m_pUseCombo -value_type string -value {}
gui_create_state_key -category FindDialog -key m_pWrapAround -value_type bool -value true
gui_create_state_key -category Widget_History -key Find|m_pFindFrame|m_pFindCombo -value_type string -value {4801 1ffb_ffc7 1ffbffc7 26850}
gui_create_state_key -category Widget_History -key TopLevel.1|qt_top_dock|&Edit|FindCombo -value_type string -value {4801 1ffb_ffc7 1ffbffc7 26850}
gui_create_state_key -category Widget_History -key TopLevel.2|qt_top_dock|&Edit|FindCombo -value_type string -value {4801 1ffb_ffc7 1ffbffc7 26850}
gui_create_state_key -category Widget_History -key dlgSearchValue|m_ValueComboBox -value_type string -value {400024 32'd4194340 32'h4194340 4194340 30'h100017}
gui_create_state_key -category Widget_History -key {dlgSimSetup|m_setupTab|tab pages|BuildTab|m_rebuildBtnGroup|m_customCmdCombo} -value_type string -value {{vcs -sverilog -debug interconnectRingSV/sv/Network.svh interconnectRingSV/sv/NetworkPkg.svg interconnectRingSV/sv/cadss_interconnect.sv interconnectRingSV/sv/ring.sv interconnectRingSV/sv/socket_wrappers.cpp } {make sim-gui TEST=benchmarks/fibm.c} {make sim-gui TEST=benchmarks/fibi.c} {make sim-gui TEST=private/fibi.c} {make sim-gui TEST=447inputs/lwtest.S}}
gui_create_state_key -category Widget_History -key {dlgSimSetup|m_setupTab|tab pages|BuildTab|m_rebuildBtnGroup|m_customDirCombo} -value_type string -value /afs/andrew.cmu.edu/usr13/dengman/private/18447/lab4-netburst/
gui_create_state_key -category Widget_History -key {dlgSimSetup|m_setupTab|tab pages|SimTab|m_VPDCombo} -value_type string -value inter.vpd
gui_create_state_key -category Widget_History -key {dlgSimSetup|m_setupTab|tab pages|SimTab|m_argsCombo} -value_type string -value {{-ucligui } {-ucligui +ABORT} {-ucligui +STRESS +VERBOSE=3} {+STRESS +VERBOSE=3} {-ucligui +SIMPLE}}
gui_create_state_key -category Widget_History -key {dlgSimSetup|m_setupTab|tab pages|SimTab|m_curDirCombo} -value_type string -value {/afs/andrew.cmu.edu/usr13/dengman/private/15618/cache-network-simulator/cadss /afs/andrew.cmu.edu/usr13/dengman/private/18447/lab4-netburst/output/simulation /afs/andrew.cmu.edu/usr13/dengman/private/18447/lab4-netburst /afs/andrew.cmu.edu/usr13/dengman/private/18447/lab2-itanic/output/simulation /afs/andrew.cmu.edu/usr13/dengman/private/18447/lab1b-rtx-4080-thai/output/simulation}
gui_create_state_key -category Widget_History -key {dlgSimSetup|m_setupTab|tab pages|SimTab|m_exeCombo} -value_type string -value {./simv ./riscv_core /afs/andrew.cmu.edu/usr13/dengman/private/18447/lab4-netburst/output/simulation/riscv_core /afs/andrew.cmu.edu/usr13/dengman/private/18447/lab4-netburst/simv simv}
gui_state_default_create -off

# Begin command logging
gui_set_pref_value -category {Globals} -key {smart_resize} -value {false}
gui_set_pref_value -category {Globals} -key {smart_resize} -value {true}
gui_sim_run Ucli -exe ./simv -args {-ucligui  } -dir .
gui_list_expand -id  Hier.1   cadss_interconnect
gui_list_select -id Hier.1 -current_item_name cadss_interconnect.divider -current_item_type Scope  -selected  { cadss_interconnect  cadss_interconnect.divider   }
gui_list_select -id Hier.1 -current_item_name cadss_interconnect.interconnect -current_item_type Scope  -selected  { cadss_interconnect  cadss_interconnect.divider  cadss_interconnect.interconnect   }
gui_open_window Wave
gui_list_add -id Wave.1 -from Hier.1 { cadss_interconnect cadss_interconnect.divider cadss_interconnect.interconnect } -insertionbar
gui_sim_continue  
gui_sim_stop 
gui_list_select -id Wave.1 -selected  { cadss_interconnect.interconnect.bus_held   }
gui_wv_scrollleft -id  Wave.1  line
gui_wv_scrollleft -id  Wave.1  line
gui_wv_scrollleft -id  Wave.1  line
gui_wv_scrollleft -id  Wave.1  line
gui_wv_scrollleft -id  Wave.1  line
gui_wv_scrollleft -id  Wave.1  line
gui_wv_scrollleft -id  Wave.1  line
gui_wv_scrollleft -id  Wave.1  line
gui_wv_scrollleft -id  Wave.1  line
gui_wv_scrollleft -id  Wave.1  line
gui_wv_scrollleft -id  Wave.1  line
gui_wv_scrollleft -id  Wave.1  line
gui_wv_scrollleft -id  Wave.1  line
gui_wv_scrollleft -id  Wave.1  line
gui_wv_scrollleft -id  Wave.1  line
gui_wv_scrollleft -id  Wave.1  line
gui_wv_scrollleft -id  Wave.1  line
gui_wv_scrollleft -id  Wave.1  line
gui_wv_scrollleft -id  Wave.1  line
gui_wv_scrollleft -id  Wave.1  line
gui_wv_scrollleft -id  Wave.1  line
gui_wv_scrollleft -id  Wave.1  line
gui_wv_scrollright -id  Wave.1  line
gui_wv_scrollright -id  Wave.1  line
gui_wv_scrollright -id  Wave.1  line
gui_wv_scrollright -id  Wave.1  line
gui_wv_scrollright -id  Wave.1  line
gui_wv_scrollright -id  Wave.1  line
gui_wv_scrollright -id  Wave.1  line
gui_wv_scrollright -id  Wave.1  line
gui_wv_scrollright -id  Wave.1  line
gui_wv_scrollright -id  Wave.1  line
gui_wv_scrollright -id  Wave.1  line
gui_wv_scrollright -id  Wave.1  line
gui_wv_scrollright -id  Wave.1  line
gui_wv_scrollright -id  Wave.1  line
gui_wv_scrollright -id  Wave.1  line
gui_wv_scrollright -id  Wave.1  line
gui_wv_scrollright -id  Wave.1  line
gui_wv_scrollright -id  Wave.1  line
gui_wv_scrollright -id  Wave.1  line
gui_wv_scrollright -id  Wave.1  line
gui_wv_scrollright -id  Wave.1  line
gui_wv_scrollleft -id  Wave.1  line
gui_wv_scrollleft -id  Wave.1  line
gui_set_env SIMSETUP::SIMCURRENTDIR /afs/ece.cmu.edu/usr/dengman/private/cache-network-simulator/cadss
gui_sim_restart
gui_sim_continue  
gui_sim_stop 
gui_wv_scrollup -id  Wave.1  line
gui_wv_scrollup -id  Wave.1  line
gui_wv_scrollup -id  Wave.1  line
gui_wv_scrollup -id  Wave.1  line
gui_wv_scrollup -id  Wave.1  line
gui_wv_scrollup -id  Wave.1  line
gui_wv_scrollup -id  Wave.1  line
gui_wv_scrollup -id  Wave.1  line
gui_wv_scrollup -id  Wave.1  line
gui_wv_scrollup -id  Wave.1  line
gui_marker_move -id  Wave.1 C1 75880
gui_wv_scrollup -id  Wave.1  line
gui_wv_scrollup -id  Wave.1  line
gui_wv_scrollup -id  Wave.1  line
gui_wv_scrollup -id  Wave.1  line
gui_wv_scrollup -id  Wave.1  line
gui_list_expand -id  Wave.1   {cadss_interconnect.request_out_avail[3:0]}
gui_marker_move -id  Wave.1 C1 75910
gui_sim_restart
gui_sim_continue  
gui_sim_stop 
gui_sim_run_to_cursor -file /afs/ece.cmu.edu/user/dengman/private/cache-network-simulator/cadss/interconnectBusSV/sv/cadss_interconnect.sv -line 1 -mindex -1 -moffset -1 -poffset -1
gui_sim_step 
gui_list_select -id Hier.1 -current_item_name cadss_interconnect.clk_tick -current_item_type Scope  -selected  { cadss_interconnect.clk_tick   }
gui_list_select -id Hier.1 -current_item_name cadss_interconnect.divider -current_item_type Scope  -selected  { cadss_interconnect.divider   }
gui_close_window -window TopLevel.2
