               33260           1
               35010           0
               36400           1
               38130           0
               39540           1
               41250           0
               43680           1
               43790           2
               44910           3
               45410           2
               46030           3
               47170           2
               48930           1
               50690           0
               61300           1
               61410           2
               63010           1
               63540           2
               64770           1
               65670           2
               66530           1
               67800           2
               68290           1
               70050           0
               95140           1
               96850           0
              106360           1
              108050           0
              113540           1
              115250           0
              665730           1
              667490           0
              669870           1
              671570           0
              674010           1
              675730           0
              678150           1
              679890           0
              682290           1
              684050           0
              691470           1
              693170           0
              698620           1
              700370           0
              741050           1
              742770           0
              795600           1
              797330           0
              798740           1
              800450           0
              948050           1
              949810           0
              957230           1
              958930           0
              961370           1
              963090           0
              975590           1
              977330           0
              978730           1
              980450           0
              982870           1
              984610           0
              987010           1
              988770           0
              991150           1
              992850           0
              997290           1
              999010           0
             1001430           1
             1003170           0
             1067060           1
             1068770           0
             1071200           1
             1072930           0
             1076340           1
             1078050           0
             1085520           1
             1087250           0
             1089660           1
             1091410           0
             1093800           1
             1095490           0
             1097940           1
             1099650           0
             1112160           1
             1113890           0
             1121340           1
             1123090           0
